# JRE version: Java(TM) SE Runtime Environment (17.0.10+11) (build 17.0.10+11-LTS-240)
# Java VM: Java HotSpot(TM) 64-Bit Server VM (17.0.10+11-LTS-240, mixed mode, sharing, tiered, compressed oops, compressed class ptrs, g1 gc, windows-amd64)
GC Precious Log:
 CPUs: 12 total, 12 available
 Memory: 15775M
 Large Page Support: Disabled
 NUMA Support: Disabled
 Compressed Oops: Enabled (Zero based)
 Heap Region Size: 2M
 Heap Min Capacity: 8M
 Heap Initial Capacity: 248M
 Heap Max Capacity: 3944M
 Pre-touch: Disabled
 Parallel Workers: 10
 Concurrent Workers: 3
 Concurrent Refinement Workers: 10
 Periodic GC: Disabled
Heap:
 garbage-first heap   total 114688K, used 39373K [0x0000000709800000, 0x0000000800000000)
  region size 2048K, 1 young (2048K), 0 survivors (0K)
 Metaspace       used 87551K, committed 88448K, reserved 1179648K
  class space    used 11795K, committed 12224K, reserved 1048576K
GC Heap History (20 events):
Event: 18.826 GC heap before
{Heap before GC invocations=28 (full 0):
 garbage-first heap   total 114688K, used 90923K [0x0000000709800000, 0x0000000800000000)
  region size 2048K, 25 young (51200K), 4 survivors (8192K)
 Metaspace       used 84117K, committed 84800K, reserved 1179648K
  class space    used 11400K, committed 11712K, reserved 1048576K
}
Event: 18.831 GC heap after
{Heap after GC invocations=29 (full 0):
 garbage-first heap   total 114688K, used 50962K [0x0000000709800000, 0x0000000800000000)
  region size 2048K, 4 young (8192K), 4 survivors (8192K)
 Metaspace       used 84117K, committed 84800K, reserved 1179648K
  class space    used 11400K, committed 11712K, reserved 1048576K
}
Event: 49.470 GC heap before
{Heap before GC invocations=29 (full 0):
 garbage-first heap   total 114688K, used 89874K [0x0000000709800000, 0x0000000800000000)
  region size 2048K, 24 young (49152K), 4 survivors (8192K)
 Metaspace       used 86705K, committed 87552K, reserved 1179648K
  class space    used 11759K, committed 12160K, reserved 1048576K
}
Event: 49.475 GC heap after
{Heap after GC invocations=30 (full 0):
 garbage-first heap   total 114688K, used 50978K [0x0000000709800000, 0x0000000800000000)
  region size 2048K, 2 young (4096K), 2 survivors (4096K)
 Metaspace       used 86705K, committed 87552K, reserved 1179648K
  class space    used 11759K, committed 12160K, reserved 1048576K
}
Event: 109.495 GC heap before
{Heap before GC invocations=30 (full 0):
 garbage-first heap   total 114688K, used 93986K [0x0000000709800000, 0x0000000800000000)
  region size 2048K, 23 young (47104K), 2 survivors (4096K)
 Metaspace       used 86935K, committed 87744K, reserved 1179648K
  class space    used 11766K, committed 12160K, reserved 1048576K
}
Event: 109.498 GC heap after
{Heap after GC invocations=31 (full 0):
 garbage-first heap   total 114688K, used 51301K [0x0000000709800000, 0x0000000800000000)
  region size 2048K, 1 young (2048K), 1 survivors (2048K)
 Metaspace       used 86935K, committed 87744K, reserved 1179648K
  class space    used 11766K, committed 12160K, reserved 1048576K
}
Event: 172.817 GC heap before
{Heap before GC invocations=31 (full 0):
 garbage-first heap   total 114688K, used 94309K [0x0000000709800000, 0x0000000800000000)
  region size 2048K, 22 young (45056K), 1 survivors (2048K)
 Metaspace       used 87064K, committed 87872K, reserved 1179648K
  class space    used 11769K, committed 12160K, reserved 1048576K
}
Event: 172.819 GC heap after
{Heap after GC invocations=32 (full 0):
 garbage-first heap   total 114688K, used 51248K [0x0000000709800000, 0x0000000800000000)
  region size 2048K, 1 young (2048K), 1 survivors (2048K)
 Metaspace       used 87064K, committed 87872K, reserved 1179648K
  class space    used 11769K, committed 12160K, reserved 1048576K
}
Event: 235.607 GC heap before
{Heap before GC invocations=32 (full 0):
 garbage-first heap   total 114688K, used 94256K [0x0000000709800000, 0x0000000800000000)
  region size 2048K, 22 young (45056K), 1 survivors (2048K)
 Metaspace       used 87134K, committed 87936K, reserved 1179648K
  class space    used 11770K, committed 12160K, reserved 1048576K
}
Event: 235.609 GC heap after
{Heap after GC invocations=33 (full 0):
 garbage-first heap   total 114688K, used 51144K [0x0000000709800000, 0x0000000800000000)
  region size 2048K, 1 young (2048K), 1 survivors (2048K)
 Metaspace       used 87134K, committed 87936K, reserved 1179648K
  class space    used 11770K, committed 12160K, reserved 1048576K
}
Event: 448.462 GC heap before
{Heap before GC invocations=33 (full 0):
 garbage-first heap   total 114688K, used 96200K [0x0000000709800000, 0x0000000800000000)
  region size 2048K, 23 young (47104K), 1 survivors (2048K)
 Metaspace       used 87243K, committed 88000K, reserved 1179648K
  class space    used 11770K, committed 12160K, reserved 1048576K
}
Event: 448.464 GC heap after
{Heap after GC invocations=34 (full 0):
 garbage-first heap   total 114688K, used 51294K [0x0000000709800000, 0x0000000800000000)
  region size 2048K, 1 young (2048K), 1 survivors (2048K)
 Metaspace       used 87243K, committed 88000K, reserved 1179648K
  class space    used 11770K, committed 12160K, reserved 1048576K
}
Event: 689.759 GC heap before
{Heap before GC invocations=34 (full 0):
 garbage-first heap   total 114688K, used 96350K [0x0000000709800000, 0x0000000800000000)
  region size 2048K, 23 young (47104K), 1 survivors (2048K)
 Metaspace       used 87311K, committed 88128K, reserved 1179648K
  class space    used 11770K, committed 12160K, reserved 1048576K
}
Event: 689.761 GC heap after
{Heap after GC invocations=35 (full 0):
 garbage-first heap   total 114688K, used 51352K [0x0000000709800000, 0x0000000800000000)
  region size 2048K, 1 young (2048K), 1 survivors (2048K)
 Metaspace       used 87311K, committed 88128K, reserved 1179648K
  class space    used 11770K, committed 12160K, reserved 1048576K
}
Event: 929.630 GC heap before
{Heap before GC invocations=35 (full 0):
 garbage-first heap   total 114688K, used 96408K [0x0000000709800000, 0x0000000800000000)
  region size 2048K, 23 young (47104K), 1 survivors (2048K)
 Metaspace       used 87370K, committed 88128K, reserved 1179648K
  class space    used 11774K, committed 12160K, reserved 1048576K
}
Event: 929.632 GC heap after
{Heap after GC invocations=36 (full 0):
 garbage-first heap   total 114688K, used 51383K [0x0000000709800000, 0x0000000800000000)
  region size 2048K, 1 young (2048K), 1 survivors (2048K)
 Metaspace       used 87370K, committed 88128K, reserved 1179648K
  class space    used 11774K, committed 12160K, reserved 1048576K
}
Event: 1183.141 GC heap before
{Heap before GC invocations=36 (full 0):
 garbage-first heap   total 114688K, used 98487K [0x0000000709800000, 0x0000000800000000)
  region size 2048K, 24 young (49152K), 1 survivors (2048K)
 Metaspace       used 87426K, committed 88192K, reserved 1179648K
  class space    used 11774K, committed 12160K, reserved 1048576K
}
Event: 1183.143 GC heap after
{Heap after GC invocations=37 (full 0):
 garbage-first heap   total 114688K, used 51372K [0x0000000709800000, 0x0000000800000000)
  region size 2048K, 1 young (2048K), 1 survivors (2048K)
 Metaspace       used 87426K, committed 88192K, reserved 1179648K
  class space    used 11774K, committed 12160K, reserved 1048576K
}
Event: 1316.774 GC heap before
{Heap before GC invocations=37 (full 0):
 garbage-first heap   total 114688K, used 77996K [0x0000000709800000, 0x0000000800000000)
  region size 2048K, 15 young (30720K), 1 survivors (2048K)
 Metaspace       used 87571K, committed 88448K, reserved 1179648K
  class space    used 11798K, committed 12224K, reserved 1048576K
}
Event: 1316.863 GC heap after
{Heap after GC invocations=38 (full 1):
 garbage-first heap   total 114688K, used 39373K [0x0000000709800000, 0x0000000800000000)
  region size 2048K, 0 young (0K), 0 survivors (0K)
 Metaspace       used 87545K, committed 88448K, reserved 1179648K
  class space    used 11794K, committed 12224K, reserved 1048576K
}

